mobile/build/intermediates/manifest_merge_blame_file/debug/manifest-merger-blame-debug-report.txt
1<?xml version="1.0" encoding="utf-8"?>
2<manifest xmlns:android="http://schemas.android.com/apk/res/android"
3    package="com.bses.dinesh.dsk"
4    android:versionCode="5"
5    android:versionName="1.3.2" >
6
7    <uses-sdk
8        android:minSdkVersion="21"
8-->src\main\AndroidManifest.xml
9        android:targetSdkVersion="28" />
9-->src\main\AndroidManifest.xml
10
11    <uses-permission android:name="android.permission.GET_ACCOUNTS" />
11-->src\main\AndroidManifest.xml:6:5-71
11-->src\main\AndroidManifest.xml:6:22-68
12    <uses-permission android:name="android.permission.INTERNET" />
12-->src\main\AndroidManifest.xml:7:5-67
12-->src\main\AndroidManifest.xml:7:22-64
13    <uses-permission android:name="android.permission.WRITE_CONTACTS" />
13-->src\main\AndroidManifest.xml:8:5-72
13-->src\main\AndroidManifest.xml:8:22-70
14    <uses-permission android:name="android.permission.CAMERA" />
14-->src\main\AndroidManifest.xml:10:5-65
14-->src\main\AndroidManifest.xml:10:22-62
15    <uses-permission android:name="android.permission.WRITE_EXTERNAL_STORAGE" />
15-->src\main\AndroidManifest.xml:11:5-81
15-->src\main\AndroidManifest.xml:11:22-78
16    <uses-permission android:name="android.permission.ACCESS_WIFI_STATE" />
16-->src\main\AndroidManifest.xml:12:5-76
16-->src\main\AndroidManifest.xml:12:22-73
17    <uses-permission android:name="android.permission.ACCESS_NETWORK_STATE" />
17-->src\main\AndroidManifest.xml:13:5-79
17-->src\main\AndroidManifest.xml:13:22-76
18    <uses-permission android:name="android.permission.ACCESS_FINE_LOCATION" />
18-->src\main\AndroidManifest.xml:14:5-79
18-->src\main\AndroidManifest.xml:14:22-76
19    <uses-permission android:name="android.permission.READ_PHONE_STATE" />
19-->src\main\AndroidManifest.xml:15:5-75
19-->src\main\AndroidManifest.xml:15:22-72
20    <uses-permission android:name="android.permission.CALL_PHONE" />
20-->src\main\AndroidManifest.xml:16:5-69
20-->src\main\AndroidManifest.xml:16:22-66
21    <uses-permission android:name="android.permission.GET_TASKS" />
21-->src\main\AndroidManifest.xml:17:5-68
21-->src\main\AndroidManifest.xml:17:22-65
22
23    <!-- //2909 -->
24    <uses-permission android:name="com.android.launcher.permission.WRITE_SETTINGS" />
24-->src\main\AndroidManifest.xml:20:5-86
24-->src\main\AndroidManifest.xml:20:22-83
25    <uses-permission android:name="com.htc.launcher.permission.UPDATE_SHORTCUT" />
25-->src\main\AndroidManifest.xml:21:5-83
25-->src\main\AndroidManifest.xml:21:22-80
26    <uses-permission android:name="android.permission.WAKE_LOCK" />
26-->src\main\AndroidManifest.xml:22:5-68
26-->src\main\AndroidManifest.xml:22:22-65
27    <uses-permission android:name="android.permission.ACCESS_COARSE_LOCATION" />
27-->src\main\AndroidManifest.xml:23:5-81
27-->src\main\AndroidManifest.xml:23:22-78
28    <uses-permission android:name="android.permission.READ_PROFILE" />
28-->src\main\AndroidManifest.xml:26:5-71
28-->src\main\AndroidManifest.xml:26:22-68
29    <uses-permission android:name="android.permission.READ_CONTACTS" />
29-->src\main\AndroidManifest.xml:27:5-72
29-->src\main\AndroidManifest.xml:27:22-69
30    <uses-permission android:name="android.permission.ACCESS_COARSE_LOCATION " />
30-->src\main\AndroidManifest.xml:30:5-82
30-->src\main\AndroidManifest.xml:30:22-79
31    <uses-permission android:name="com.google.android.providers.gsf.permission.READ_GSERVICES" /> <!-- External storage for caching. -->
31-->src\main\AndroidManifest.xml:32:5-98
31-->src\main\AndroidManifest.xml:32:22-95
32
33    <uses-feature
33-->src\main\AndroidManifest.xml:34:5-36:35
34        android:glEsVersion="0x00020000"
34-->src\main\AndroidManifest.xml:35:9-41
35        android:required="true" />
35-->src\main\AndroidManifest.xml:36:9-32
36
37    <!-- Required by older versions of Google Play services to create IID tokens -->
38    <uses-permission android:name="com.google.android.c2dm.permission.RECEIVE" />
38-->[com.google.firebase:firebase-iid:19.0.0] AndroidManifest.xml:26:5-82
38-->[com.google.firebase:firebase-iid:19.0.0] AndroidManifest.xml:26:22-79
39    <uses-permission android:name="com.google.android.finsky.permission.BIND_GET_INSTALL_REFERRER_SERVICE" />
39-->[com.google.android.gms:play-services-measurement:17.0.0] AndroidManifest.xml:26:5-110
39-->[com.google.android.gms:play-services-measurement:17.0.0] AndroidManifest.xml:26:22-107
40
41    <application
41-->src\main\AndroidManifest.xml:38:5-269:19
42        android:allowBackup="true"
42-->src\main\AndroidManifest.xml:39:9-35
43        android:appComponentFactory="androidx.core.app.CoreComponentFactory"
43-->[androidx.core:core:1.0.2] AndroidManifest.xml:22:18-86
44        android:debuggable="true"
45        android:hardwareAccelerated="true"
45-->src\main\AndroidManifest.xml:45:9-43
46        android:icon="@drawable/dskapplogo"
46-->src\main\AndroidManifest.xml:40:9-44
47        android:label="@string/app_name_title"
47-->src\main\AndroidManifest.xml:41:9-47
48        android:largeHeap="true"
48-->src\main\AndroidManifest.xml:44:9-33
49        android:roundIcon="@drawable/dskapplogo"
49-->src\main\AndroidManifest.xml:42:9-49
50        android:supportsRtl="true"
50-->src\main\AndroidManifest.xml:43:9-35
51        android:theme="@style/AppTheme"
51-->src\main\AndroidManifest.xml:47:9-40
52        android:usesCleartextTraffic="true" >
52-->src\main\AndroidManifest.xml:46:9-44
53        <activity
53-->src\main\AndroidManifest.xml:54:9-63:20
54            android:name="com.bses.dinesh.dsk.sevakendra.SplashScreen"
54-->src\main\AndroidManifest.xml:55:13-71
55            android:label="@string/app_name"
55-->src\main\AndroidManifest.xml:56:13-45
56            android:theme="@android:style/Theme.NoTitleBar.Fullscreen" >
56-->src\main\AndroidManifest.xml:57:13-71
57            <intent-filter>
57-->src\main\AndroidManifest.xml:59:13-62:29
58                <action android:name="android.intent.action.MAIN" />
58-->src\main\AndroidManifest.xml:60:17-69
58-->src\main\AndroidManifest.xml:60:25-66
59
60                <category android:name="android.intent.category.LAUNCHER" />
60-->src\main\AndroidManifest.xml:61:17-77
60-->src\main\AndroidManifest.xml:61:27-74
61            </intent-filter>
62        </activity>
63
64        <provider
65            android:name="com.bses.dinesh.dsk.utils.GenericFileProvider"
65-->src\main\AndroidManifest.xml:66:13-73
66            android:authorities="com.bses.dinesh.dsk.provider"
66-->src\main\AndroidManifest.xml:67:13-60
67            android:exported="false"
67-->src\main\AndroidManifest.xml:68:13-37
68            android:grantUriPermissions="true" >
68-->src\main\AndroidManifest.xml:69:13-47
69            <meta-data
69-->src\main\AndroidManifest.xml:70:13-72:57
70                android:name="android.support.FILE_PROVIDER_PATHS"
70-->src\main\AndroidManifest.xml:71:17-67
71                android:resource="@xml/provider_paths" />
71-->src\main\AndroidManifest.xml:72:17-55
72        </provider>
73
74        <activity
74-->src\main\AndroidManifest.xml:77:9-89:20
75            android:name="com.bses.dinesh.dsk.sevakendra.MainActivity"
75-->src\main\AndroidManifest.xml:78:13-71
76            android:theme="@style/AppTheme.Default" >
76-->src\main\AndroidManifest.xml:79:13-52
77            <meta-data
77-->src\main\AndroidManifest.xml:81:13-83:54
78                android:name="android.app.searchable"
78-->src\main\AndroidManifest.xml:82:17-54
79                android:resource="@xml/searchable" />
79-->src\main\AndroidManifest.xml:83:17-51
80
81            <intent-filter>
81-->src\main\AndroidManifest.xml:85:13-87:29
82                <action android:name="android.intent.action.SEARCH" />
82-->src\main\AndroidManifest.xml:86:17-71
82-->src\main\AndroidManifest.xml:86:25-68
83            </intent-filter>
84        </activity>
85        <activity
85-->src\main\AndroidManifest.xml:91:9-94:20
86            android:name="com.bses.dinesh.dsk.sevakendra.LoginScreen"
86-->src\main\AndroidManifest.xml:92:13-70
87            android:theme="@style/AppTheme" >
87-->src\main\AndroidManifest.xml:93:13-44
88        </activity>
89        <activity
89-->src\main\AndroidManifest.xml:96:9-99:20
90            android:name="com.bses.dinesh.dsk.sevakendra.ForgetPassword"
90-->src\main\AndroidManifest.xml:97:13-73
91            android:theme="@style/AppTheme" >
91-->src\main\AndroidManifest.xml:98:13-44
92        </activity>
93        <activity
93-->src\main\AndroidManifest.xml:101:9-104:20
94            android:name="com.bses.dinesh.dsk.utils.SignatureLayoutActivity"
94-->src\main\AndroidManifest.xml:102:13-77
95            android:theme="@style/AppTheme.Default" >
95-->src\main\AndroidManifest.xml:103:13-52
96        </activity>
97
98        <!-- //telematics -->
99
100        <activity
100-->src\main\AndroidManifest.xml:110:9-112:51
101            android:name="com.bses.dinesh.dsk.telematics.telematicsapp.SplashScreenActivity"
101-->src\main\AndroidManifest.xml:110:19-80
102            android:label="@string/create_task"
102-->src\main\AndroidManifest.xml:111:13-48
103            android:screenOrientation="portrait" />
103-->src\main\AndroidManifest.xml:112:13-49
104        <activity
104-->src\main\AndroidManifest.xml:114:9-116:51
105            android:name="com.bses.dinesh.dsk.telematics.telematicsapp.CreateTasksActivity"
105-->src\main\AndroidManifest.xml:114:19-79
106            android:label="@string/create_task"
106-->src\main\AndroidManifest.xml:115:13-48
107            android:screenOrientation="portrait" />
107-->src\main\AndroidManifest.xml:116:13-49
108        <activity
108-->src\main\AndroidManifest.xml:117:9-120:52
109            android:name="com.bses.dinesh.dsk.telematics.telematicsapp.AssignTasksUserActivity"
109-->src\main\AndroidManifest.xml:118:13-77
110            android:label="@string/tasks"
110-->src\main\AndroidManifest.xml:119:13-42
111            android:screenOrientation="portrait" />
111-->src\main\AndroidManifest.xml:120:13-49
112        <activity
112-->src\main\AndroidManifest.xml:122:9-125:52
113            android:name="com.bses.dinesh.dsk.telematics.telematicsapp.AssignTasksActivity"
113-->src\main\AndroidManifest.xml:123:13-73
114            android:label="@string/assign_tasks"
114-->src\main\AndroidManifest.xml:124:13-49
115            android:screenOrientation="portrait" />
115-->src\main\AndroidManifest.xml:125:13-49
116        <activity
116-->src\main\AndroidManifest.xml:126:9-129:52
117            android:name="com.bses.dinesh.dsk.telematics.telematicsapp.HistoryTaskListActivity"
117-->src\main\AndroidManifest.xml:127:13-77
118            android:label="@string/history"
118-->src\main\AndroidManifest.xml:128:13-44
119            android:screenOrientation="portrait" />
119-->src\main\AndroidManifest.xml:129:13-49
120        <activity
120-->src\main\AndroidManifest.xml:130:9-133:52
121            android:name="com.bses.dinesh.dsk.telematics.telematicsapp.CompletedTasksActivity"
121-->src\main\AndroidManifest.xml:131:13-76
122            android:label="@string/completed_tasks"
122-->src\main\AndroidManifest.xml:132:13-52
123            android:screenOrientation="portrait" />
123-->src\main\AndroidManifest.xml:133:13-49
124        <activity
124-->src\main\AndroidManifest.xml:134:9-138:59
125            android:name="com.bses.dinesh.dsk.telematics.telematicsapp.AdminDashboardActivity"
125-->src\main\AndroidManifest.xml:135:13-76
126            android:label="@string/app_name"
126-->src\main\AndroidManifest.xml:136:13-45
127            android:screenOrientation="portrait"
127-->src\main\AndroidManifest.xml:137:13-49
128            android:theme="@style/AppTheme.NoActionBar" />
128-->src\main\AndroidManifest.xml:138:13-56
129        <activity
129-->src\main\AndroidManifest.xml:139:9-143:59
130            android:name="com.bses.dinesh.dsk.telematics.telematicsapp.ManagerDashboardActivity"
130-->src\main\AndroidManifest.xml:140:13-78
131            android:label="@string/app_name"
131-->src\main\AndroidManifest.xml:141:13-45
132            android:screenOrientation="portrait"
132-->src\main\AndroidManifest.xml:142:13-49
133            android:theme="@style/AppTheme.NoActionBar" />
133-->src\main\AndroidManifest.xml:143:13-56
134        <activity android:name="com.bses.dinesh.dsk.telematics.telematicsapp.BaseActivity" />
134-->src\main\AndroidManifest.xml:144:9-75
134-->src\main\AndroidManifest.xml:144:19-72
135        <activity
135-->src\main\AndroidManifest.xml:145:9-149:59
136            android:name="com.bses.dinesh.dsk.telematics.telematicsapp.FieldUserDashboardActivity"
136-->src\main\AndroidManifest.xml:146:13-80
137            android:label="@string/app_name"
137-->src\main\AndroidManifest.xml:147:13-45
138            android:screenOrientation="portrait"
138-->src\main\AndroidManifest.xml:148:13-49
139            android:theme="@style/AppTheme.NoActionBar" />
139-->src\main\AndroidManifest.xml:149:13-56
140        <activity
140-->src\main\AndroidManifest.xml:150:9-154:58
141            android:name="com.bses.dinesh.dsk.telematics.telematicsapp.LoginActivity"
141-->src\main\AndroidManifest.xml:151:13-67
142            android:label="@string/app_name"
142-->src\main\AndroidManifest.xml:152:13-45
143            android:screenOrientation="portrait"
143-->src\main\AndroidManifest.xml:153:13-49
144            android:theme="@style/AppTheme.NoActionBar" />
144-->src\main\AndroidManifest.xml:154:13-56
145        <activity
145-->src\main\AndroidManifest.xml:156:9-159:52
146            android:name="com.bses.dinesh.dsk.telematics.telematicsapp.FieldUserLiveTrackingActivity"
146-->src\main\AndroidManifest.xml:157:13-83
147            android:label="Live Tracking"
147-->src\main\AndroidManifest.xml:158:13-42
148            android:screenOrientation="portrait" />
148-->src\main\AndroidManifest.xml:159:13-49
149        <activity
149-->src\main\AndroidManifest.xml:162:9-165:52
150            android:name="com.bses.dinesh.dsk.telematics.telematicsapp.OrderListByDivisionActivity"
150-->src\main\AndroidManifest.xml:163:13-81
151            android:label="Orders"
151-->src\main\AndroidManifest.xml:164:13-35
152            android:screenOrientation="portrait" />
152-->src\main\AndroidManifest.xml:165:13-49
153        <activity
153-->src\main\AndroidManifest.xml:167:9-170:52
154            android:name="com.bses.dinesh.dsk.telematics.telematicsapp.OrderListByFieldUserActivity"
154-->src\main\AndroidManifest.xml:168:13-82
155            android:label="Orders"
155-->src\main\AndroidManifest.xml:169:13-35
156            android:screenOrientation="portrait" />
156-->src\main\AndroidManifest.xml:170:13-49
157        <activity
157-->src\main\AndroidManifest.xml:172:9-175:52
158            android:name="com.bses.dinesh.dsk.telematics.telematicsapp.AllOrderListByUserActivity"
158-->src\main\AndroidManifest.xml:173:13-80
159            android:label="Orders"
159-->src\main\AndroidManifest.xml:174:13-35
160            android:screenOrientation="portrait" />
160-->src\main\AndroidManifest.xml:175:13-49
161        <activity
161-->src\main\AndroidManifest.xml:177:9-180:52
162            android:name="com.bses.dinesh.dsk.telematics.telematicsapp.UserListForOrderActivity"
162-->src\main\AndroidManifest.xml:178:13-78
163            android:label="Orders"
163-->src\main\AndroidManifest.xml:179:13-35
164            android:screenOrientation="portrait" />
164-->src\main\AndroidManifest.xml:180:13-49
165        <activity
165-->src\main\AndroidManifest.xml:182:9-185:52
166            android:name="com.bses.dinesh.dsk.telematics.telematicsapp.AllUserListForOrderActivity"
166-->src\main\AndroidManifest.xml:183:13-81
167            android:label="Orders"
167-->src\main\AndroidManifest.xml:184:13-35
168            android:screenOrientation="portrait" />
168-->src\main\AndroidManifest.xml:185:13-49
169        <activity
169-->src\main\AndroidManifest.xml:187:9-190:52
170            android:name="com.bses.dinesh.dsk.telematics.telematicsapp.UserLocByDivisionActivity"
170-->src\main\AndroidManifest.xml:188:13-79
171            android:label="User Location"
171-->src\main\AndroidManifest.xml:189:13-42
172            android:screenOrientation="portrait" />
172-->src\main\AndroidManifest.xml:190:13-49
173        <activity
173-->src\main\AndroidManifest.xml:192:9-195:52
174            android:name="com.bses.dinesh.dsk.telematics.telematicsapp.AllUserListActivity"
174-->src\main\AndroidManifest.xml:193:13-73
175            android:label="User Location"
175-->src\main\AndroidManifest.xml:194:13-42
176            android:screenOrientation="portrait" />
176-->src\main\AndroidManifest.xml:195:13-49
177        <activity
177-->src\main\AndroidManifest.xml:197:9-200:52
178            android:name="com.bses.dinesh.dsk.telematics.telematicsapp.UserListByDivisionActivity"
178-->src\main\AndroidManifest.xml:198:13-80
179            android:label="Users"
179-->src\main\AndroidManifest.xml:199:13-34
180            android:screenOrientation="portrait" />
180-->src\main\AndroidManifest.xml:200:13-49
181        <activity
181-->src\main\AndroidManifest.xml:202:9-205:52
182            android:name="com.bses.dinesh.dsk.telematics.telematicsapp.DivisionListActivity"
182-->src\main\AndroidManifest.xml:203:13-74
183            android:label="Divisions"
183-->src\main\AndroidManifest.xml:204:13-38
184            android:screenOrientation="portrait" />
184-->src\main\AndroidManifest.xml:205:13-49
185        <activity
185-->src\main\AndroidManifest.xml:206:9-210:56
186            android:name="com.bses.dinesh.dsk.telematics.telematicsapp.EditOrderDetailActivity"
186-->src\main\AndroidManifest.xml:207:13-77
187            android:label="Orders Details"
187-->src\main\AndroidManifest.xml:208:13-43
188            android:screenOrientation="portrait"
188-->src\main\AndroidManifest.xml:209:13-49
189            android:windowSoftInputMode="stateHidden" />
189-->src\main\AndroidManifest.xml:210:13-54
190        <activity
190-->src\main\AndroidManifest.xml:212:9-215:52
191            android:name="com.bses.dinesh.dsk.telematics.telematicsapp.OrderDetailActivity"
191-->src\main\AndroidManifest.xml:213:13-73
192            android:label="Orders Details"
192-->src\main\AndroidManifest.xml:214:13-43
193            android:screenOrientation="portrait" />
193-->src\main\AndroidManifest.xml:215:13-49
194        <activity
194-->src\main\AndroidManifest.xml:217:9-220:52
195            android:name="com.bses.dinesh.dsk.telematics.telematicsapp.FieldUserCurrentLocationActivity"
195-->src\main\AndroidManifest.xml:218:13-86
196            android:label="User Current Location"
196-->src\main\AndroidManifest.xml:219:13-50
197            android:screenOrientation="portrait" />
197-->src\main\AndroidManifest.xml:220:13-49
198
199        <!--
200             The API key for Google Maps-based APIs is defined as a string resource.
201             (See the file "res/values/google_maps_api.xml").
202             Note that the API key is linked to the encryption key used to sign the APK.
203             You need a different API key for each encryption key, including the release key that is used to
204             sign the APK for publishing.
205             You can define the keys for the debug and release targets in src/debug/ and src/release/.
206        -->
207        <meta-data
207-->src\main\AndroidManifest.xml:232:9-234:55
208            android:name="com.google.android.geo.API_KEY"
208-->src\main\AndroidManifest.xml:233:13-58
209            android:value="@string/google_maps_key" />
209-->src\main\AndroidManifest.xml:234:13-52
210        <meta-data
210-->src\main\AndroidManifest.xml:235:9-237:69
211            android:name="com.google.android.gms.version"
211-->src\main\AndroidManifest.xml:236:13-58
212            android:value="@integer/google_play_services_version" />
212-->src\main\AndroidManifest.xml:237:13-66
213
214        <activity
214-->src\main\AndroidManifest.xml:239:9-242:52
215            android:name="com.bses.dinesh.dsk.telematics.telematicsapp.MapsActivity"
215-->src\main\AndroidManifest.xml:240:13-66
216            android:label="@string/live_tracking"
216-->src\main\AndroidManifest.xml:241:13-50
217            android:screenOrientation="portrait" />
217-->src\main\AndroidManifest.xml:242:13-49
218        <activity
218-->src\main\AndroidManifest.xml:243:9-246:52
219            android:name="com.bses.dinesh.dsk.telematics.telematicsapp.HistoryMapsActivity"
219-->src\main\AndroidManifest.xml:244:13-73
220            android:label="@string/history"
220-->src\main\AndroidManifest.xml:245:13-44
221            android:screenOrientation="portrait" />
221-->src\main\AndroidManifest.xml:246:13-49
222        <activity
222-->src\main\AndroidManifest.xml:247:9-250:52
223            android:name="com.bses.dinesh.dsk.telematics.telematicsapp.RegistrationActivity"
223-->src\main\AndroidManifest.xml:248:13-74
224            android:label="@string/add_user"
224-->src\main\AndroidManifest.xml:249:13-45
225            android:screenOrientation="portrait" />
225-->src\main\AndroidManifest.xml:250:13-49
226        <activity
226-->src\main\AndroidManifest.xml:252:9-255:52
227            android:name="com.bses.dinesh.dsk.telematics.telematicsapp.OrderTestingActivity"
227-->src\main\AndroidManifest.xml:253:13-74
228            android:label="Order Testing"
228-->src\main\AndroidManifest.xml:254:13-42
229            android:screenOrientation="portrait" />
229-->src\main\AndroidManifest.xml:255:13-49
230
231        <service android:name="com.bses.dinesh.dsk.telematics.utils.LocationService" />
231-->src\main\AndroidManifest.xml:257:9-69
231-->src\main\AndroidManifest.xml:257:18-66
232        <service
232-->src\main\AndroidManifest.xml:258:9-267:19
233            android:name="com.bses.dinesh.dsk.telematics.utils.BackgroundLocationService"
233-->src\main\AndroidManifest.xml:259:13-71
234            android:enabled="true"
234-->src\main\AndroidManifest.xml:260:13-35
235            android:exported="true" >
235-->src\main\AndroidManifest.xml:261:13-36
236            <intent-filter>
236-->src\main\AndroidManifest.xml:262:13-266:29
237                <action android:name="com.google.android.gms.wearable.BIND_LISTENER" />
237-->src\main\AndroidManifest.xml:263:17-265:59
237-->src\main\AndroidManifest.xml:264:21-81
238            </intent-filter>
239        </service>
240
241        <!-- Needs to be explicitly declared on P+ -->
242        <uses-library
242-->[com.google.android.gms:play-services-maps:17.0.0] AndroidManifest.xml:33:9-35:40
243            android:name="org.apache.http.legacy"
243-->[com.google.android.gms:play-services-maps:17.0.0] AndroidManifest.xml:34:13-50
244            android:required="false" />
244-->[com.google.android.gms:play-services-maps:17.0.0] AndroidManifest.xml:35:13-37
245
246        <activity
246-->[com.google.android.gms:play-services-auth:17.0.0] AndroidManifest.xml:23:9-27:75
247            android:name="com.google.android.gms.auth.api.signin.internal.SignInHubActivity"
247-->[com.google.android.gms:play-services-auth:17.0.0] AndroidManifest.xml:24:13-93
248            android:excludeFromRecents="true"
248-->[com.google.android.gms:play-services-auth:17.0.0] AndroidManifest.xml:25:13-46
249            android:exported="false"
249-->[com.google.android.gms:play-services-auth:17.0.0] AndroidManifest.xml:26:13-37
250            android:theme="@android:style/Theme.Translucent.NoTitleBar" />
250-->[com.google.android.gms:play-services-auth:17.0.0] AndroidManifest.xml:27:13-72
251        <!--
252            Service handling Google Sign-In user revocation. For apps that do not integrate with
253            Google Sign-In, this service will never be started.
254        -->
255        <service
255-->[com.google.android.gms:play-services-auth:17.0.0] AndroidManifest.xml:33:9-36:110
256            android:name="com.google.android.gms.auth.api.signin.RevocationBoundService"
256-->[com.google.android.gms:play-services-auth:17.0.0] AndroidManifest.xml:34:13-89
257            android:exported="true"
257-->[com.google.android.gms:play-services-auth:17.0.0] AndroidManifest.xml:35:13-36
258            android:permission="com.google.android.gms.auth.api.signin.permission.REVOCATION_NOTIFICATION" />
258-->[com.google.android.gms:play-services-auth:17.0.0] AndroidManifest.xml:36:13-107
259        <service
259-->[com.google.firebase:firebase-firestore:20.0.0] AndroidManifest.xml:17:9-23:19
260            android:name="com.google.firebase.components.ComponentDiscoveryService"
260-->[com.google.firebase:firebase-firestore:20.0.0] AndroidManifest.xml:18:13-84
261            android:exported="false" >
261-->[com.google.firebase:firebase-firestore:20.0.0] AndroidManifest.xml:19:13-37
262            <meta-data
262-->[com.google.firebase:firebase-firestore:20.0.0] AndroidManifest.xml:20:13-22:85
263                android:name="com.google.firebase.components:com.google.firebase.firestore.FirestoreRegistrar"
263-->[com.google.firebase:firebase-firestore:20.0.0] AndroidManifest.xml:21:17-111
264                android:value="com.google.firebase.components.ComponentRegistrar" />
264-->[com.google.firebase:firebase-firestore:20.0.0] AndroidManifest.xml:22:17-82
265            <meta-data
265-->[com.google.firebase:firebase-database:18.0.0] AndroidManifest.xml:30:13-32:85
266                android:name="com.google.firebase.components:com.google.firebase.database.DatabaseRegistrar"
266-->[com.google.firebase:firebase-database:18.0.0] AndroidManifest.xml:31:17-109
267                android:value="com.google.firebase.components.ComponentRegistrar" />
267-->[com.google.firebase:firebase-database:18.0.0] AndroidManifest.xml:32:17-82
268            <meta-data
268-->[com.google.firebase:firebase-config:18.0.0] AndroidManifest.xml:9:13-11:85
269                android:name="com.google.firebase.components:com.google.firebase.remoteconfig.RemoteConfigRegistrar"
269-->[com.google.firebase:firebase-config:18.0.0] AndroidManifest.xml:10:17-117
270                android:value="com.google.firebase.components.ComponentRegistrar" />
270-->[com.google.firebase:firebase-config:18.0.0] AndroidManifest.xml:11:17-82
271            <meta-data
271-->[com.google.firebase:firebase-dynamic-links:18.0.0] AndroidManifest.xml:9:13-11:85
272                android:name="com.google.firebase.components:com.google.firebase.dynamiclinks.internal.FirebaseDynamicLinkRegistrar"
272-->[com.google.firebase:firebase-dynamic-links:18.0.0] AndroidManifest.xml:10:17-133
273                android:value="com.google.firebase.components.ComponentRegistrar" />
273-->[com.google.firebase:firebase-dynamic-links:18.0.0] AndroidManifest.xml:11:17-82
274            <meta-data
274-->[com.google.firebase:firebase-datatransport:17.0.1] AndroidManifest.xml:28:13-30:85
275                android:name="com.google.firebase.components:com.google.firebase.datatransport.TransportRegistrar"
275-->[com.google.firebase:firebase-datatransport:17.0.1] AndroidManifest.xml:29:17-115
276                android:value="com.google.firebase.components.ComponentRegistrar" />
276-->[com.google.firebase:firebase-datatransport:17.0.1] AndroidManifest.xml:30:17-82
277            <meta-data
277-->[com.google.firebase:firebase-abt:18.0.0] AndroidManifest.xml:9:13-11:85
278                android:name="com.google.firebase.components:com.google.firebase.abt.component.AbtRegistrar"
278-->[com.google.firebase:firebase-abt:18.0.0] AndroidManifest.xml:10:17-109
279                android:value="com.google.firebase.components.ComponentRegistrar" />
279-->[com.google.firebase:firebase-abt:18.0.0] AndroidManifest.xml:11:17-82
280            <meta-data
280-->[com.google.android.gms:play-services-measurement-api:17.0.0] AndroidManifest.xml:30:13-32:85
281                android:name="com.google.firebase.components:com.google.firebase.analytics.connector.internal.AnalyticsConnectorRegistrar"
281-->[com.google.android.gms:play-services-measurement-api:17.0.0] AndroidManifest.xml:31:17-139
282                android:value="com.google.firebase.components.ComponentRegistrar" />
282-->[com.google.android.gms:play-services-measurement-api:17.0.0] AndroidManifest.xml:32:17-82
283            <meta-data
283-->[com.google.firebase:firebase-iid:19.0.0] AndroidManifest.xml:32:13-34:85
284                android:name="com.google.firebase.components:com.google.firebase.iid.Registrar"
284-->[com.google.firebase:firebase-iid:19.0.0] AndroidManifest.xml:33:17-96
285                android:value="com.google.firebase.components.ComponentRegistrar" />
285-->[com.google.firebase:firebase-iid:19.0.0] AndroidManifest.xml:34:17-82
286        </service>
287
288        <receiver
288-->[com.google.firebase:firebase-iid:19.0.0] AndroidManifest.xml:37:9-44:20
289            android:name="com.google.firebase.iid.FirebaseInstanceIdReceiver"
289-->[com.google.firebase:firebase-iid:19.0.0] AndroidManifest.xml:38:13-78
290            android:exported="true"
290-->[com.google.firebase:firebase-iid:19.0.0] AndroidManifest.xml:39:13-36
291            android:permission="com.google.android.c2dm.permission.SEND" >
291-->[com.google.firebase:firebase-iid:19.0.0] AndroidManifest.xml:40:13-73
292            <intent-filter>
292-->[com.google.firebase:firebase-iid:19.0.0] AndroidManifest.xml:41:13-43:29
293                <action android:name="com.google.android.c2dm.intent.RECEIVE" />
293-->[com.google.firebase:firebase-iid:19.0.0] AndroidManifest.xml:42:17-81
293-->[com.google.firebase:firebase-iid:19.0.0] AndroidManifest.xml:42:25-78
294            </intent-filter>
295        </receiver>
296
297        <provider
297-->[com.google.firebase:firebase-common:18.0.0] AndroidManifest.xml:12:9-16:39
298            android:name="com.google.firebase.provider.FirebaseInitProvider"
298-->[com.google.firebase:firebase-common:18.0.0] AndroidManifest.xml:13:13-77
299            android:authorities="com.bses.dinesh.dsk.firebaseinitprovider"
299-->[com.google.firebase:firebase-common:18.0.0] AndroidManifest.xml:14:13-72